2016-05-08 00:05:00,731 [Worker-3] INFO  o.e.m.c.i.i.nexus.NexusIndexManager - Updating index for repository: central|http://repo1.maven.org/maven2
2016-05-08 00:05:55,959 [Worker-3] ERROR o.e.m.c.i.i.nexus.NexusIndexManager - Unable to update index for central|http://repo1.maven.org/maven2
java.io.IOException: null
	at org.eclipse.m2e.core.internal.index.nexus.AsyncFetcher$PipedErrorInputStream.checkError(AsyncFetcher.java:251) ~[org.eclipse.m2e.core_1.0.200.20111228-1245.jar:na]
	at org.eclipse.m2e.core.internal.index.nexus.AsyncFetcher$PipedErrorInputStream.read(AsyncFetcher.java:259) ~[org.eclipse.m2e.core_1.0.200.20111228-1245.jar:na]
	at java.io.PipedInputStream.read(Unknown Source) ~[na:1.8.0_05]
	at java.io.InputStream.read(Unknown Source) ~[na:1.8.0_05]
	at org.codehaus.plexus.util.IOUtil.copy(IOUtil.java:188) ~[plexus-utils-2.0.6.jar:na]
	at org.codehaus.plexus.util.IOUtil.copy(IOUtil.java:174) ~[plexus-utils-2.0.6.jar:na]
	at org.codehaus.plexus.util.FileUtils.copyStreamToFile(FileUtils.java:1143) ~[plexus-utils-2.0.6.jar:na]
	at org.apache.maven.index.updater.DefaultIndexUpdater$LocalCacheIndexAdaptor.setIndexFile(DefaultIndexUpdater.java:700) ~[indexer-core-3.1.0.jar:3.1.0]
	at org.apache.maven.index.updater.DefaultIndexUpdater.fetchAndUpdateIndex(DefaultIndexUpdater.java:844) ~[indexer-core-3.1.0.jar:3.1.0]
	at org.apache.maven.index.updater.DefaultIndexUpdater.fetchAndUpdateIndex(DefaultIndexUpdater.java:135) ~[indexer-core-3.1.0.jar:3.1.0]
	at org.eclipse.m2e.core.internal.index.nexus.NexusIndexManager.updateRemoteIndex(NexusIndexManager.java:1124) [org.eclipse.m2e.core_1.0.200.20111228-1245.jar:na]
	at org.eclipse.m2e.core.internal.index.nexus.NexusIndexManager.updateIndex(NexusIndexManager.java:1081) [org.eclipse.m2e.core_1.0.200.20111228-1245.jar:na]
	at org.eclipse.m2e.core.internal.index.nexus.NexusIndexManager$1.run(NexusIndexManager.java:658) [org.eclipse.m2e.core_1.0.200.20111228-1245.jar:na]
	at org.eclipse.m2e.core.internal.index.nexus.IndexUpdaterJob.run(IndexUpdaterJob.java:71) [org.eclipse.m2e.core_1.0.200.20111228-1245.jar:na]
	at org.eclipse.core.internal.jobs.Worker.run(Worker.java:54) [org.eclipse.core.jobs_3.5.101.v20120113-1953.jar:na]
java.util.concurrent.CancellationException: null
	at com.ning.http.client.providers.netty.NettyResponseFuture.cancel(NettyResponseFuture.java:152) ~[na:na]
	at org.eclipse.m2e.core.internal.index.nexus.AsyncFetcher.cancel(AsyncFetcher.java:93) ~[na:na]
	at org.eclipse.m2e.core.internal.index.nexus.AsyncFetcher$MonitorListener.checkCancelled(AsyncFetcher.java:274) ~[na:na]
	at org.eclipse.m2e.core.internal.index.nexus.AsyncFetcher$MonitorListener.onStatus(AsyncFetcher.java:279) ~[na:na]
	at com.ning.http.client.SimpleAsyncHttpClient$BodyConsumerAsyncHandler.fireStatus(SimpleAsyncHttpClient.java:828) ~[na:na]
	at com.ning.http.client.SimpleAsyncHttpClient$BodyConsumerAsyncHandler.onStatusReceived(SimpleAsyncHttpClient.java:779) ~[na:na]
	at com.ning.http.client.providers.netty.NettyAsyncHttpProvider.updateStatusAndInterrupt(NettyAsyncHttpProvider.java:1439) ~[na:na]
	at com.ning.http.client.providers.netty.NettyAsyncHttpProvider.messageReceived(NettyAsyncHttpProvider.java:1170) ~[na:na]
	at org.jboss.netty.channel.SimpleChannelUpstreamHandler.handleUpstream(SimpleChannelUpstreamHandler.java:80) ~[na:na]
	at org.jboss.netty.channel.DefaultChannelPipeline.sendUpstream(DefaultChannelPipeline.java:545) ~[na:na]
	at org.jboss.netty.channel.DefaultChannelPipeline$DefaultChannelHandlerContext.sendUpstream(DefaultChannelPipeline.java:754) ~[na:na]
	at org.jboss.netty.handler.stream.ChunkedWriteHandler.handleUpstream(ChunkedWriteHandler.java:148) ~[na:na]
	at org.jboss.netty.channel.DefaultChannelPipeline.sendUpstream(DefaultChannelPipeline.java:545) ~[na:na]
	at org.jboss.netty.channel.DefaultChannelPipeline$DefaultChannelHandlerContext.sendUpstream(DefaultChannelPipeline.java:754) ~[na:na]
	at org.jboss.netty.handler.codec.http.HttpContentDecoder.messageReceived(HttpContentDecoder.java:104) ~[na:na]
	at org.jboss.netty.channel.SimpleChannelUpstreamHandler.handleUpstream(SimpleChannelUpstreamHandler.java:80) ~[na:na]
	at org.jboss.netty.channel.DefaultChannelPipeline.sendUpstream(DefaultChannelPipeline.java:545) ~[na:na]
	at org.jboss.netty.channel.DefaultChannelPipeline$DefaultChannelHandlerContext.sendUpstream(DefaultChannelPipeline.java:754) ~[na:na]
	at org.jboss.netty.channel.Channels.fireMessageReceived(Channels.java:302) ~[na:na]
	at org.jboss.netty.handler.codec.replay.ReplayingDecoder.unfoldAndfireMessageReceived(ReplayingDecoder.java:522) ~[na:na]
	at org.jboss.netty.handler.codec.replay.ReplayingDecoder.callDecode(ReplayingDecoder.java:506) ~[na:na]
	at org.jboss.netty.handler.codec.replay.ReplayingDecoder.messageReceived(ReplayingDecoder.java:443) ~[na:na]
	at org.jboss.netty.channel.SimpleChannelUpstreamHandler.handleUpstream(SimpleChannelUpstreamHandler.java:80) ~[na:na]
	at org.jboss.netty.handler.codec.http.HttpClientCodec.handleUpstream(HttpClientCodec.java:77) ~[na:na]
	at org.jboss.netty.channel.DefaultChannelPipeline.sendUpstream(DefaultChannelPipeline.java:545) ~[na:na]
	at org.jboss.netty.channel.DefaultChannelPipeline.sendUpstream(DefaultChannelPipeline.java:540) ~[na:na]
	at org.jboss.netty.channel.Channels.fireMessageReceived(Channels.java:274) ~[na:na]
	at org.jboss.netty.channel.Channels.fireMessageReceived(Channels.java:261) ~[na:na]
	at org.jboss.netty.channel.socket.nio.NioWorker.read(NioWorker.java:349) ~[na:na]
	at org.jboss.netty.channel.socket.nio.NioWorker.processSelectedKeys(NioWorker.java:280) ~[na:na]
	at org.jboss.netty.channel.socket.nio.NioWorker.run(NioWorker.java:200) ~[na:na]
	at org.jboss.netty.util.ThreadRenamingRunnable.run(ThreadRenamingRunnable.java:108) ~[na:na]
	at org.jboss.netty.util.internal.DeadLockProofWorker$1.run(DeadLockProofWorker.java:44) ~[na:na]
	at java.util.concurrent.ThreadPoolExecutor.runWorker(Unknown Source) ~[na:1.8.0_05]
	at java.util.concurrent.ThreadPoolExecutor$Worker.run(Unknown Source) ~[na:1.8.0_05]
	at java.lang.Thread.run(Unknown Source) ~[na:1.8.0_05]
2016-05-08 00:05:56,973 [Worker-3] INFO  o.e.m.c.i.i.nexus.NexusIndexManager - Updating index for repository: central|http://repo1.maven.org/maven2
2016-05-08 00:06:38,819 [Worker-6] INFO  o.e.m.c.i.p.ProjectConfigurationManager - Collecting project info '/pom.xml' E:\workspace\github\sourceanalysis\jeecg\jeecg\pom.xml
2016-05-08 00:06:40,269 [Worker-6] INFO  o.e.m.c.i.l.LifecycleMappingFactory - Using org.eclipse.m2e.jdt.JarLifecycleMapping lifecycle mapping for MavenProject: jeecg:jeecg:0.0.1-SNAPSHOT @ E:\workspace\github\sourceanalysis\jeecg\jeecg\pom.xml.
2016-05-08 00:06:48,569 [New I/O client worker #4-1] INFO  o.e.m.c.i.e.AbstractTransferListenerAdapter - Downloading http://repo1.maven.org/maven2/org/apache/maven/plugins/maven-resources-plugin/2.4.3/maven-resources-plugin-2.4.3.pom
2016-05-08 00:06:48,569 [New I/O client worker #4-1] INFO  o.e.m.c.i.e.AbstractTransferListenerAdapter - Downloaded http://repo1.maven.org/maven2/org/apache/maven/plugins/maven-resources-plugin/2.4.3/maven-resources-plugin-2.4.3.pom
2016-05-08 00:06:50,425 [New I/O client worker #5-1] INFO  o.e.m.c.i.e.AbstractTransferListenerAdapter - Downloading http://repo1.maven.org/maven2/org/apache/maven/plugins/maven-resources-plugin/2.4.3/maven-resources-plugin-2.4.3.jar
2016-05-08 00:06:52,952 [New I/O client worker #5-1] INFO  o.e.m.c.i.e.AbstractTransferListenerAdapter - Downloaded http://repo1.maven.org/maven2/org/apache/maven/plugins/maven-resources-plugin/2.4.3/maven-resources-plugin-2.4.3.jar
2016-05-08 00:06:55,791 [New I/O client worker #6-1] INFO  o.e.m.c.i.e.AbstractTransferListenerAdapter - Downloading http://repo1.maven.org/maven2/org/apache/maven/shared/maven-filtering/1.0-beta-4/maven-filtering-1.0-beta-4.pom
2016-05-08 00:06:55,791 [New I/O client worker #6-1] INFO  o.e.m.c.i.e.AbstractTransferListenerAdapter - Downloaded http://repo1.maven.org/maven2/org/apache/maven/shared/maven-filtering/1.0-beta-4/maven-filtering-1.0-beta-4.pom
2016-05-08 00:06:58,428 [New I/O client worker #7-1] INFO  o.e.m.c.i.e.AbstractTransferListenerAdapter - Downloading http://repo1.maven.org/maven2/org/apache/maven/shared/maven-shared-components/15/maven-shared-components-15.pom
2016-05-08 00:07:00,317 [New I/O client worker #7-1] INFO  o.e.m.c.i.e.AbstractTransferListenerAdapter - Downloaded http://repo1.maven.org/maven2/org/apache/maven/shared/maven-shared-components/15/maven-shared-components-15.pom
2016-05-08 00:07:03,110 [New I/O client worker #8-2] INFO  o.e.m.c.i.e.AbstractTransferListenerAdapter - Downloading http://repo1.maven.org/maven2/org/apache/maven/shared/maven-filtering/1.0-beta-4/maven-filtering-1.0-beta-4.jar
2016-05-08 00:07:03,843 [New I/O client worker #8-2] INFO  o.e.m.c.i.e.AbstractTransferListenerAdapter - Downloaded http://repo1.maven.org/maven2/org/apache/maven/shared/maven-filtering/1.0-beta-4/maven-filtering-1.0-beta-4.jar
2016-05-08 00:07:05,153 [Worker-5] INFO  o.e.m.c.i.l.LifecycleMappingFactory - Using org.eclipse.m2e.jdt.JarLifecycleMapping lifecycle mapping for MavenProject: jeecg:jeecg:0.0.1-SNAPSHOT @ E:\workspace\github\sourceanalysis\jeecg\jeecg\pom.xml.
2016-05-08 00:07:05,169 [Worker-6] INFO  o.e.m.j.i.AbstractJavaProjectConfigurator - Adding resource folder /jeecg/src/main/resources
2016-05-08 00:07:05,278 [Worker-6] INFO  o.e.m.c.i.p.ProjectConfigurationManager - Project import completed 26 sec
2016-05-08 00:07:05,762 [Worker-5] INFO  o.e.m.c.i.l.LifecycleMappingFactory - Using org.eclipse.m2e.jdt.JarLifecycleMapping lifecycle mapping for MavenProject: jeecg:jeecg:0.0.1-SNAPSHOT @ E:\workspace\github\sourceanalysis\jeecg\jeecg\pom.xml.
2016-05-08 00:07:05,855 [Worker-5] WARN  o.e.m.c.i.embedder.EclipseLogger - Using platform encoding (GBK actually) to copy filtered resources, i.e. build is platform dependent!
2016-05-08 00:07:05,871 [Worker-5] INFO  o.e.m.c.i.embedder.EclipseLogger - Copying 0 resource
2016-05-08 00:07:05,871 [Worker-5] WARN  o.e.m.c.i.embedder.EclipseLogger - Using platform encoding (GBK actually) to copy filtered resources, i.e. build is platform dependent!
2016-05-08 00:07:05,871 [Worker-5] INFO  o.e.m.c.i.embedder.EclipseLogger - skip non existing resourceDirectory E:\workspace\github\sourceanalysis\jeecg\jeecg\src\test\resources
2016-05-08 00:09:18,555 [Worker-2] WARN  o.e.m.c.i.embedder.EclipseLogger - Using platform encoding (GBK actually) to copy filtered resources, i.e. build is platform dependent!
2016-05-08 00:09:18,555 [Worker-2] INFO  o.e.m.c.i.embedder.EclipseLogger - Copying 0 resource
2016-05-08 00:09:18,555 [Worker-2] WARN  o.e.m.c.i.embedder.EclipseLogger - Using platform encoding (GBK actually) to copy filtered resources, i.e. build is platform dependent!
2016-05-08 00:09:18,570 [Worker-2] INFO  o.e.m.c.i.embedder.EclipseLogger - skip non existing resourceDirectory E:\workspace\github\sourceanalysis\jeecg\jeecg\src\test\resources
2016-05-08 00:09:41,864 [Worker-6] WARN  o.e.m.c.i.embedder.EclipseLogger - Using platform encoding (GBK actually) to copy filtered resources, i.e. build is platform dependent!
2016-05-08 00:09:41,864 [Worker-6] INFO  o.e.m.c.i.embedder.EclipseLogger - Copying 0 resource
2016-05-08 00:09:41,880 [Worker-6] WARN  o.e.m.c.i.embedder.EclipseLogger - Using platform encoding (GBK actually) to copy filtered resources, i.e. build is platform dependent!
2016-05-08 00:09:41,880 [Worker-6] INFO  o.e.m.c.i.embedder.EclipseLogger - skip non existing resourceDirectory E:\workspace\github\sourceanalysis\jeecg\jeecg\src\test\resources
2016-05-08 00:09:45,436 [Worker-3] ERROR o.e.m.c.i.i.nexus.NexusIndexManager - Unable to update index for central|http://repo1.maven.org/maven2
java.io.IOException: null
	at org.eclipse.m2e.core.internal.index.nexus.AsyncFetcher$PipedErrorInputStream.checkError(AsyncFetcher.java:251) ~[org.eclipse.m2e.core_1.0.200.20111228-1245.jar:na]
	at org.eclipse.m2e.core.internal.index.nexus.AsyncFetcher$PipedErrorInputStream.read(AsyncFetcher.java:259) ~[org.eclipse.m2e.core_1.0.200.20111228-1245.jar:na]
	at java.io.PipedInputStream.read(Unknown Source) ~[na:1.8.0_05]
	at java.io.InputStream.read(Unknown Source) ~[na:1.8.0_05]
	at org.codehaus.plexus.util.IOUtil.copy(IOUtil.java:188) ~[plexus-utils-2.0.6.jar:na]
	at org.codehaus.plexus.util.IOUtil.copy(IOUtil.java:174) ~[plexus-utils-2.0.6.jar:na]
	at org.codehaus.plexus.util.FileUtils.copyStreamToFile(FileUtils.java:1143) ~[plexus-utils-2.0.6.jar:na]
	at org.apache.maven.index.updater.DefaultIndexUpdater$LocalCacheIndexAdaptor.setIndexFile(DefaultIndexUpdater.java:700) ~[indexer-core-3.1.0.jar:3.1.0]
	at org.apache.maven.index.updater.DefaultIndexUpdater.fetchAndUpdateIndex(DefaultIndexUpdater.java:844) ~[indexer-core-3.1.0.jar:3.1.0]
	at org.apache.maven.index.updater.DefaultIndexUpdater.fetchAndUpdateIndex(DefaultIndexUpdater.java:135) ~[indexer-core-3.1.0.jar:3.1.0]
	at org.eclipse.m2e.core.internal.index.nexus.NexusIndexManager.updateRemoteIndex(NexusIndexManager.java:1124) [org.eclipse.m2e.core_1.0.200.20111228-1245.jar:na]
	at org.eclipse.m2e.core.internal.index.nexus.NexusIndexManager.updateIndex(NexusIndexManager.java:1081) [org.eclipse.m2e.core_1.0.200.20111228-1245.jar:na]
	at org.eclipse.m2e.core.internal.index.nexus.NexusIndexManager$1.run(NexusIndexManager.java:658) [org.eclipse.m2e.core_1.0.200.20111228-1245.jar:na]
	at org.eclipse.m2e.core.internal.index.nexus.IndexUpdaterJob.run(IndexUpdaterJob.java:71) [org.eclipse.m2e.core_1.0.200.20111228-1245.jar:na]
	at org.eclipse.core.internal.jobs.Worker.run(Worker.java:54) [org.eclipse.core.jobs_3.5.101.v20120113-1953.jar:na]
java.util.concurrent.CancellationException: null
	at com.ning.http.client.providers.netty.NettyResponseFuture.cancel(NettyResponseFuture.java:152) ~[na:na]
	at org.eclipse.m2e.core.internal.index.nexus.AsyncFetcher.cancel(AsyncFetcher.java:93) ~[na:na]
	at org.eclipse.m2e.core.internal.index.nexus.AsyncFetcher$MonitorListener.checkCancelled(AsyncFetcher.java:274) ~[na:na]
	at org.eclipse.m2e.core.internal.index.nexus.AsyncFetcher$MonitorListener.onStatus(AsyncFetcher.java:279) ~[na:na]
	at com.ning.http.client.SimpleAsyncHttpClient$BodyConsumerAsyncHandler.fireStatus(SimpleAsyncHttpClient.java:828) ~[na:na]
	at com.ning.http.client.SimpleAsyncHttpClient$BodyConsumerAsyncHandler.onStatusReceived(SimpleAsyncHttpClient.java:779) ~[na:na]
	at com.ning.http.client.providers.netty.NettyAsyncHttpProvider.updateStatusAndInterrupt(NettyAsyncHttpProvider.java:1439) ~[na:na]
	at com.ning.http.client.providers.netty.NettyAsyncHttpProvider.messageReceived(NettyAsyncHttpProvider.java:1170) ~[na:na]
	at org.jboss.netty.channel.SimpleChannelUpstreamHandler.handleUpstream(SimpleChannelUpstreamHandler.java:80) ~[na:na]
	at org.jboss.netty.channel.DefaultChannelPipeline.sendUpstream(DefaultChannelPipeline.java:545) ~[na:na]
	at org.jboss.netty.channel.DefaultChannelPipeline$DefaultChannelHandlerContext.sendUpstream(DefaultChannelPipeline.java:754) ~[na:na]
	at org.jboss.netty.handler.stream.ChunkedWriteHandler.handleUpstream(ChunkedWriteHandler.java:148) ~[na:na]
	at org.jboss.netty.channel.DefaultChannelPipeline.sendUpstream(DefaultChannelPipeline.java:545) ~[na:na]
	at org.jboss.netty.channel.DefaultChannelPipeline$DefaultChannelHandlerContext.sendUpstream(DefaultChannelPipeline.java:754) ~[na:na]
	at org.jboss.netty.handler.codec.http.HttpContentDecoder.messageReceived(HttpContentDecoder.java:104) ~[na:na]
	at org.jboss.netty.channel.SimpleChannelUpstreamHandler.handleUpstream(SimpleChannelUpstreamHandler.java:80) ~[na:na]
	at org.jboss.netty.channel.DefaultChannelPipeline.sendUpstream(DefaultChannelPipeline.java:545) ~[na:na]
	at org.jboss.netty.channel.DefaultChannelPipeline$DefaultChannelHandlerContext.sendUpstream(DefaultChannelPipeline.java:754) ~[na:na]
	at org.jboss.netty.channel.Channels.fireMessageReceived(Channels.java:302) ~[na:na]
	at org.jboss.netty.handler.codec.replay.ReplayingDecoder.unfoldAndfireMessageReceived(ReplayingDecoder.java:522) ~[na:na]
	at org.jboss.netty.handler.codec.replay.ReplayingDecoder.callDecode(ReplayingDecoder.java:506) ~[na:na]
	at org.jboss.netty.handler.codec.replay.ReplayingDecoder.messageReceived(ReplayingDecoder.java:443) ~[na:na]
	at org.jboss.netty.channel.SimpleChannelUpstreamHandler.handleUpstream(SimpleChannelUpstreamHandler.java:80) ~[na:na]
	at org.jboss.netty.handler.codec.http.HttpClientCodec.handleUpstream(HttpClientCodec.java:77) ~[na:na]
	at org.jboss.netty.channel.DefaultChannelPipeline.sendUpstream(DefaultChannelPipeline.java:545) ~[na:na]
	at org.jboss.netty.channel.DefaultChannelPipeline.sendUpstream(DefaultChannelPipeline.java:540) ~[na:na]
	at org.jboss.netty.channel.Channels.fireMessageReceived(Channels.java:274) ~[na:na]
	at org.jboss.netty.channel.Channels.fireMessageReceived(Channels.java:261) ~[na:na]
	at org.jboss.netty.channel.socket.nio.NioWorker.read(NioWorker.java:349) ~[na:na]
	at org.jboss.netty.channel.socket.nio.NioWorker.processSelectedKeys(NioWorker.java:280) ~[na:na]
	at org.jboss.netty.channel.socket.nio.NioWorker.run(NioWorker.java:200) ~[na:na]
	at org.jboss.netty.util.ThreadRenamingRunnable.run(ThreadRenamingRunnable.java:108) ~[na:na]
	at org.jboss.netty.util.internal.DeadLockProofWorker$1.run(DeadLockProofWorker.java:44) ~[na:na]
	at java.util.concurrent.ThreadPoolExecutor.runWorker(Unknown Source) ~[na:1.8.0_05]
	at java.util.concurrent.ThreadPoolExecutor$Worker.run(Unknown Source) ~[na:1.8.0_05]
	at java.lang.Thread.run(Unknown Source) ~[na:1.8.0_05]
2016-05-08 00:10:07,245 [Worker-7] INFO  o.e.m.c.i.l.LifecycleMappingFactory - Using org.eclipse.m2e.jdt.JarLifecycleMapping lifecycle mapping for MavenProject: jeecg:jeecg:0.0.1-SNAPSHOT @ E:\workspace\github\sourceanalysis\jeecg\jeecg\pom.xml.
2016-05-08 00:10:07,308 [Worker-7] WARN  o.e.m.c.i.embedder.EclipseLogger - Using platform encoding (GBK actually) to copy filtered resources, i.e. build is platform dependent!
2016-05-08 00:10:07,308 [Worker-7] INFO  o.e.m.c.i.embedder.EclipseLogger - Copying 0 resource
2016-05-08 00:10:07,308 [Worker-7] WARN  o.e.m.c.i.embedder.EclipseLogger - Using platform encoding (GBK actually) to copy filtered resources, i.e. build is platform dependent!
2016-05-08 00:10:07,308 [Worker-7] INFO  o.e.m.c.i.embedder.EclipseLogger - skip non existing resourceDirectory E:\workspace\github\sourceanalysis\jeecg\jeecg\src\test\resources
2016-05-08 00:10:36,156 [Worker-4] INFO  o.e.m.c.i.l.LifecycleMappingFactory - Using org.eclipse.m2e.jdt.JarLifecycleMapping lifecycle mapping for MavenProject: jeecg:jeecg:0.0.1-SNAPSHOT @ E:\workspace\github\sourceanalysis\jeecg\jeecg\pom.xml.
2016-05-08 00:10:36,203 [Worker-4] WARN  o.e.m.c.i.embedder.EclipseLogger - Using platform encoding (GBK actually) to copy filtered resources, i.e. build is platform dependent!
2016-05-08 00:10:36,203 [Worker-4] INFO  o.e.m.c.i.embedder.EclipseLogger - Copying 0 resource
2016-05-08 00:10:36,203 [Worker-4] WARN  o.e.m.c.i.embedder.EclipseLogger - Using platform encoding (GBK actually) to copy filtered resources, i.e. build is platform dependent!
2016-05-08 00:10:36,203 [Worker-4] INFO  o.e.m.c.i.embedder.EclipseLogger - skip non existing resourceDirectory E:\workspace\github\sourceanalysis\jeecg\jeecg\src\test\resources
2016-05-08 00:12:16,369 [Worker-1] WARN  o.e.m.c.i.embedder.EclipseLogger - Using platform encoding (GBK actually) to copy filtered resources, i.e. build is platform dependent!
2016-05-08 00:12:16,369 [Worker-1] INFO  o.e.m.c.i.embedder.EclipseLogger - Copying 0 resource
2016-05-08 00:12:16,369 [Worker-1] WARN  o.e.m.c.i.embedder.EclipseLogger - Using platform encoding (GBK actually) to copy filtered resources, i.e. build is platform dependent!
2016-05-08 00:12:16,369 [Worker-1] INFO  o.e.m.c.i.embedder.EclipseLogger - skip non existing resourceDirectory E:\workspace\github\sourceanalysis\jeecg\jeecg\src\test\resources
2016-05-08 00:12:30,926 [Worker-2] WARN  o.e.m.c.i.embedder.EclipseLogger - Using platform encoding (GBK actually) to copy filtered resources, i.e. build is platform dependent!
2016-05-08 00:12:30,973 [Worker-2] INFO  o.e.m.c.i.embedder.EclipseLogger - Copying 221 resources
2016-05-08 00:12:31,379 [Worker-2] WARN  o.e.m.c.i.embedder.EclipseLogger - Using platform encoding (GBK actually) to copy filtered resources, i.e. build is platform dependent!
2016-05-08 00:12:31,379 [Worker-2] INFO  o.e.m.c.i.embedder.EclipseLogger - skip non existing resourceDirectory E:\workspace\github\sourceanalysis\jeecg\jeecg\src\test\resources
2016-05-08 00:13:11,191 [Worker-8] WARN  o.e.m.c.i.embedder.EclipseLogger - Using platform encoding (GBK actually) to copy filtered resources, i.e. build is platform dependent!
2016-05-08 00:13:11,191 [Worker-8] INFO  o.e.m.c.i.embedder.EclipseLogger - Copying 0 resource
2016-05-08 00:13:11,207 [Worker-8] WARN  o.e.m.c.i.embedder.EclipseLogger - Using platform encoding (GBK actually) to copy filtered resources, i.e. build is platform dependent!
2016-05-08 00:13:11,207 [Worker-8] INFO  o.e.m.c.i.embedder.EclipseLogger - skip non existing resourceDirectory E:\workspace\github\sourceanalysis\jeecg\jeecg\src\test\resources
2016-05-08 00:13:28,049 [Worker-6] WARN  o.e.m.c.i.embedder.EclipseLogger - Using platform encoding (GBK actually) to copy filtered resources, i.e. build is platform dependent!
2016-05-08 00:13:28,049 [Worker-6] INFO  o.e.m.c.i.embedder.EclipseLogger - Copying 0 resource
2016-05-08 00:13:28,049 [Worker-6] WARN  o.e.m.c.i.embedder.EclipseLogger - Using platform encoding (GBK actually) to copy filtered resources, i.e. build is platform dependent!
2016-05-08 00:13:28,049 [Worker-6] INFO  o.e.m.c.i.embedder.EclipseLogger - skip non existing resourceDirectory E:\workspace\github\sourceanalysis\jeecg\jeecg\src\test\resources
2016-05-08 00:13:41,042 [Worker-4] INFO  o.e.m.c.i.l.LifecycleMappingFactory - Using org.eclipse.m2e.jdt.JarLifecycleMapping lifecycle mapping for MavenProject: org.jeecgframework:jeecg:3.6.3 @ E:\workspace\github\sourceanalysis\jeecg\jeecg\pom.xml.
2016-05-08 00:13:41,073 [Worker-4] WARN  o.e.m.c.i.embedder.EclipseLogger - The POM for org.jeecgframework:codegenerate:jar:3.6-20160314.055119-4 is invalid, transitive dependencies (if any) will not be available, enable debug logging for more details
2016-05-08 00:13:42,009 [Worker-4] WARN  o.e.m.c.i.embedder.EclipseLogger - The POM for com.sun.xml.bind:jaxb-impl:jar:2.2.10-b140310.1920 is invalid, transitive dependencies (if any) will not be available, enable debug logging for more details
2016-05-08 00:13:42,025 [Worker-4] WARN  o.e.m.c.i.embedder.EclipseLogger - The POM for com.sun.xml.bind:jaxb-core:jar:2.2.10-b140310.1920 is invalid, transitive dependencies (if any) will not be available, enable debug logging for more details
2016-05-08 00:13:47,976 [New I/O client worker #9-1] INFO  o.e.m.c.i.e.AbstractTransferListenerAdapter - Downloaded http://repo1.maven.org/maven2/org/junit/com.springsource.org.junit/4.9.0/com.springsource.org.junit-4.9.0.pom
2016-05-08 00:13:47,992 [Worker-4] WARN  o.e.m.c.i.embedder.EclipseLogger - The POM for org.junit:com.springsource.org.junit:jar:4.9.0 is missing, no dependency information available
2016-05-08 00:13:51,377 [Worker-4] INFO  o.e.m.c.i.embedder.EclipseLogger - Using 'UTF-8' encoding to copy filtered resources.
2016-05-08 00:13:51,377 [Worker-4] INFO  o.e.m.c.i.embedder.EclipseLogger - Copying 0 resource
2016-05-08 00:13:51,377 [Worker-4] INFO  o.e.m.c.i.embedder.EclipseLogger - Copying 0 resource
2016-05-08 00:13:51,377 [Worker-4] INFO  o.e.m.c.i.embedder.EclipseLogger - Using 'UTF-8' encoding to copy filtered resources.
2016-05-08 00:13:51,377 [Worker-4] INFO  o.e.m.c.i.embedder.EclipseLogger - skip non existing resourceDirectory E:\workspace\github\sourceanalysis\jeecg\jeecg\src\test\java
2016-05-08 00:13:51,377 [Worker-4] INFO  o.e.m.c.i.embedder.EclipseLogger - skip non existing resourceDirectory E:\workspace\github\sourceanalysis\jeecg\jeecg\src\test\resources
2016-05-08 00:14:02,013 [Worker-9] INFO  o.e.m.c.i.embedder.EclipseLogger - Using 'UTF-8' encoding to copy filtered resources.
2016-05-08 00:14:02,075 [Worker-9] INFO  o.e.m.c.i.embedder.EclipseLogger - Copying 37 resources
2016-05-08 00:14:02,106 [Worker-9] INFO  o.e.m.c.i.embedder.EclipseLogger - Copying 221 resources
2016-05-08 00:14:02,574 [Worker-9] INFO  o.e.m.c.i.embedder.EclipseLogger - Using 'UTF-8' encoding to copy filtered resources.
2016-05-08 00:14:02,590 [Worker-9] INFO  o.e.m.c.i.embedder.EclipseLogger - skip non existing resourceDirectory E:\workspace\github\sourceanalysis\jeecg\jeecg\src\test\java
2016-05-08 00:14:02,590 [Worker-9] INFO  o.e.m.c.i.embedder.EclipseLogger - skip non existing resourceDirectory E:\workspace\github\sourceanalysis\jeecg\jeecg\src\test\resources
2016-05-08 00:14:25,633 [Worker-3] INFO  o.e.m.c.i.embedder.EclipseLogger - Using 'UTF-8' encoding to copy filtered resources.
2016-05-08 00:14:25,680 [Worker-3] INFO  o.e.m.c.i.embedder.EclipseLogger - Copying 37 resources
2016-05-08 00:14:25,711 [Worker-3] INFO  o.e.m.c.i.embedder.EclipseLogger - Copying 221 resources
2016-05-08 00:14:25,742 [Worker-3] INFO  o.e.m.c.i.embedder.EclipseLogger - Using 'UTF-8' encoding to copy filtered resources.
2016-05-08 00:14:25,742 [Worker-3] INFO  o.e.m.c.i.embedder.EclipseLogger - skip non existing resourceDirectory E:\workspace\github\sourceanalysis\jeecg\jeecg\src\test\java
2016-05-08 00:14:25,742 [Worker-3] INFO  o.e.m.c.i.embedder.EclipseLogger - skip non existing resourceDirectory E:\workspace\github\sourceanalysis\jeecg\jeecg\src\test\resources
2016-05-08 00:14:50,113 [Worker-5] INFO  o.e.m.c.i.l.LifecycleMappingFactory - Using org.eclipse.m2e.jdt.JarLifecycleMapping lifecycle mapping for MavenProject: org.jeecgframework:jeecg:3.6.3 @ E:\workspace\github\sourceanalysis\jeecg\jeecg\pom.xml.
2016-05-08 00:14:50,129 [Worker-5] WARN  o.e.m.c.i.embedder.EclipseLogger - The POM for org.jeecgframework:codegenerate:jar:3.6-20160314.055119-4 is invalid, transitive dependencies (if any) will not be available, enable debug logging for more details
2016-05-08 00:14:50,831 [Worker-5] WARN  o.e.m.c.i.embedder.EclipseLogger - The POM for com.sun.xml.bind:jaxb-impl:jar:2.2.10-b140310.1920 is invalid, transitive dependencies (if any) will not be available, enable debug logging for more details
2016-05-08 00:14:50,847 [Worker-5] WARN  o.e.m.c.i.embedder.EclipseLogger - The POM for com.sun.xml.bind:jaxb-core:jar:2.2.10-b140310.1920 is invalid, transitive dependencies (if any) will not be available, enable debug logging for more details
2016-05-08 00:14:51,658 [Worker-5] WARN  o.e.m.c.i.embedder.EclipseLogger - The POM for org.junit:com.springsource.org.junit:jar:4.9.0 is missing, no dependency information available
2016-05-08 00:14:52,204 [Worker-5] INFO  o.e.m.c.i.embedder.EclipseLogger - Using 'UTF-8' encoding to copy filtered resources.
2016-05-08 00:14:52,219 [Worker-5] INFO  o.e.m.c.i.embedder.EclipseLogger - Copying 37 resources
2016-05-08 00:14:52,235 [Worker-5] INFO  o.e.m.c.i.embedder.EclipseLogger - Copying 221 resources
2016-05-08 00:14:52,687 [Worker-5] INFO  o.e.m.c.i.embedder.EclipseLogger - Using 'UTF-8' encoding to copy filtered resources.
2016-05-08 00:14:52,687 [Worker-5] INFO  o.e.m.c.i.embedder.EclipseLogger - skip non existing resourceDirectory E:\workspace\github\sourceanalysis\jeecg\jeecg\src\test\java
2016-05-08 00:14:52,687 [Worker-5] INFO  o.e.m.c.i.embedder.EclipseLogger - skip non existing resourceDirectory E:\workspace\github\sourceanalysis\jeecg\jeecg\src\test\resources
2016-05-08 00:17:02,198 [Worker-3] INFO  o.e.m.c.i.embedder.EclipseLogger - Using 'UTF-8' encoding to copy filtered resources.
2016-05-08 00:17:02,276 [Worker-3] INFO  o.e.m.c.i.embedder.EclipseLogger - Copying 37 resources
2016-05-08 00:17:02,323 [Worker-3] INFO  o.e.m.c.i.embedder.EclipseLogger - Copying 221 resources
2016-05-08 00:17:02,370 [Worker-3] INFO  o.e.m.c.i.embedder.EclipseLogger - Using 'UTF-8' encoding to copy filtered resources.
2016-05-08 00:17:02,370 [Worker-3] INFO  o.e.m.c.i.embedder.EclipseLogger - skip non existing resourceDirectory E:\workspace\github\sourceanalysis\jeecg\jeecg\src\test\java
2016-05-08 00:17:02,370 [Worker-3] INFO  o.e.m.c.i.embedder.EclipseLogger - skip non existing resourceDirectory E:\workspace\github\sourceanalysis\jeecg\jeecg\src\test\resources
2016-05-08 00:17:38,674 [Worker-9] INFO  o.e.m.c.i.embedder.EclipseLogger - Using 'UTF-8' encoding to copy filtered resources.
2016-05-08 00:17:38,737 [Worker-9] INFO  o.e.m.c.i.embedder.EclipseLogger - Copying 37 resources
2016-05-08 00:17:38,768 [Worker-9] INFO  o.e.m.c.i.embedder.EclipseLogger - Copying 221 resources
2016-05-08 00:17:38,784 [Worker-9] INFO  o.e.m.c.i.embedder.EclipseLogger - Using 'UTF-8' encoding to copy filtered resources.
2016-05-08 00:17:38,784 [Worker-9] INFO  o.e.m.c.i.embedder.EclipseLogger - skip non existing resourceDirectory E:\workspace\github\sourceanalysis\jeecg\jeecg\src\test\java
2016-05-08 00:17:38,784 [Worker-9] INFO  o.e.m.c.i.embedder.EclipseLogger - skip non existing resourceDirectory E:\workspace\github\sourceanalysis\jeecg\jeecg\src\test\resources
2016-05-08 00:17:57,381 [main] INFO  o.e.m2e.actions.ExecutePomAction - Creating new launch configuration
2016-05-08 00:18:24,157 [Worker-3] INFO  o.e.m.i.launch.MavenLaunchDelegate - E:\workspace\github\sourceanalysis\jeecg\jeecg
2016-05-08 00:18:24,157 [Worker-3] INFO  o.e.m.i.launch.MavenLaunchDelegate -  mvn -B -s "D:\Program Files\Apache\apache-maven-3.2.2\conf\settings.xml" tomcat:run
2016-05-08 00:21:18,984 [Worker-9] INFO  o.e.m.c.i.embedder.EclipseLogger - Using 'UTF-8' encoding to copy filtered resources.
2016-05-08 00:21:18,984 [Worker-9] INFO  o.e.m.c.i.embedder.EclipseLogger - Copying 0 resource
2016-05-08 00:21:18,984 [Worker-9] INFO  o.e.m.c.i.embedder.EclipseLogger - Copying 1 resource
2016-05-08 00:21:18,984 [Worker-9] INFO  o.e.m.c.i.embedder.EclipseLogger - Using 'UTF-8' encoding to copy filtered resources.
2016-05-08 00:21:18,984 [Worker-9] INFO  o.e.m.c.i.embedder.EclipseLogger - skip non existing resourceDirectory E:\workspace\github\sourceanalysis\jeecg\jeecg\src\test\java
2016-05-08 00:21:18,984 [Worker-9] INFO  o.e.m.c.i.embedder.EclipseLogger - skip non existing resourceDirectory E:\workspace\github\sourceanalysis\jeecg\jeecg\src\test\resources
2016-05-08 00:21:23,929 [main] INFO  o.e.m2e.actions.ExecutePomAction - Using existing launch configuration
2016-05-08 00:21:23,929 [Worker-3] INFO  o.e.m.i.launch.MavenLaunchDelegate - E:\workspace\github\sourceanalysis\jeecg\jeecg
2016-05-08 00:21:23,929 [Worker-3] INFO  o.e.m.i.launch.MavenLaunchDelegate -  mvn -B -s "D:\Program Files\Apache\apache-maven-3.2.2\conf\settings.xml" tomcat:run
2016-05-08 00:22:43,241 [Worker-9] INFO  o.e.m.c.i.embedder.EclipseLogger - Using 'UTF-8' encoding to copy filtered resources.
2016-05-08 00:22:43,288 [Worker-9] INFO  o.e.m.c.i.embedder.EclipseLogger - Copying 37 resources
2016-05-08 00:22:43,335 [Worker-9] INFO  o.e.m.c.i.embedder.EclipseLogger - Copying 221 resources
2016-05-08 00:22:43,772 [Worker-9] INFO  o.e.m.c.i.embedder.EclipseLogger - Using 'UTF-8' encoding to copy filtered resources.
2016-05-08 00:22:43,772 [Worker-9] INFO  o.e.m.c.i.embedder.EclipseLogger - skip non existing resourceDirectory E:\workspace\github\sourceanalysis\jeecg\jeecg\src\test\java
2016-05-08 00:22:43,772 [Worker-9] INFO  o.e.m.c.i.embedder.EclipseLogger - skip non existing resourceDirectory E:\workspace\github\sourceanalysis\jeecg\jeecg\src\test\resources
2016-05-08 00:23:28,116 [Worker-1] INFO  o.e.m.c.i.embedder.EclipseLogger - Using 'UTF-8' encoding to copy filtered resources.
2016-05-08 00:23:28,116 [Worker-1] INFO  o.e.m.c.i.embedder.EclipseLogger - Copying 0 resource
2016-05-08 00:23:28,116 [Worker-1] INFO  o.e.m.c.i.embedder.EclipseLogger - Copying 1 resource
2016-05-08 00:23:28,116 [Worker-1] INFO  o.e.m.c.i.embedder.EclipseLogger - Using 'UTF-8' encoding to copy filtered resources.
2016-05-08 00:23:28,116 [Worker-1] INFO  o.e.m.c.i.embedder.EclipseLogger - skip non existing resourceDirectory E:\workspace\github\sourceanalysis\jeecg\jeecg\src\test\java
2016-05-08 00:23:28,116 [Worker-1] INFO  o.e.m.c.i.embedder.EclipseLogger - skip non existing resourceDirectory E:\workspace\github\sourceanalysis\jeecg\jeecg\src\test\resources
2016-05-08 00:23:31,407 [Worker-10] INFO  o.e.m.c.i.embedder.EclipseLogger - Using 'UTF-8' encoding to copy filtered resources.
2016-05-08 00:23:31,454 [Worker-10] INFO  o.e.m.c.i.embedder.EclipseLogger - Copying 37 resources
2016-05-08 00:23:31,485 [Worker-10] INFO  o.e.m.c.i.embedder.EclipseLogger - Copying 221 resources
2016-05-08 00:23:31,501 [Worker-10] INFO  o.e.m.c.i.embedder.EclipseLogger - Using 'UTF-8' encoding to copy filtered resources.
2016-05-08 00:23:31,501 [Worker-10] INFO  o.e.m.c.i.embedder.EclipseLogger - skip non existing resourceDirectory E:\workspace\github\sourceanalysis\jeecg\jeecg\src\test\java
2016-05-08 00:23:31,501 [Worker-10] INFO  o.e.m.c.i.embedder.EclipseLogger - skip non existing resourceDirectory E:\workspace\github\sourceanalysis\jeecg\jeecg\src\test\resources
2016-05-08 00:23:32,952 [main] INFO  o.e.m2e.actions.ExecutePomAction - Using existing launch configuration
2016-05-08 00:23:32,967 [Worker-6] INFO  o.e.m.i.launch.MavenLaunchDelegate - E:\workspace\github\sourceanalysis\jeecg\jeecg
2016-05-08 00:23:32,967 [Worker-6] INFO  o.e.m.i.launch.MavenLaunchDelegate -  mvn -B -s "D:\Program Files\Apache\apache-maven-3.2.2\conf\settings.xml" tomcat:run
2016-05-08 00:43:02,556 [main] INFO  o.e.m2e.actions.ExecutePomAction - Using existing launch configuration
2016-05-08 00:43:02,556 [Worker-1] INFO  o.e.m.i.launch.MavenLaunchDelegate - E:\workspace\github\sourceanalysis\jeecg\jeecg
2016-05-08 00:43:02,556 [Worker-1] INFO  o.e.m.i.launch.MavenLaunchDelegate -  mvn -B -s "D:\Program Files\Apache\apache-maven-3.2.2\conf\settings.xml" tomcat:run
2016-05-08 00:43:32,116 [Worker-2] INFO  o.e.m.c.i.embedder.EclipseLogger - Using 'UTF-8' encoding to copy filtered resources.
2016-05-08 00:43:32,116 [Worker-2] INFO  o.e.m.c.i.embedder.EclipseLogger - Copying 0 resource
2016-05-08 00:43:32,116 [Worker-2] INFO  o.e.m.c.i.embedder.EclipseLogger - Copying 1 resource
2016-05-08 00:43:32,116 [Worker-2] INFO  o.e.m.c.i.embedder.EclipseLogger - Using 'UTF-8' encoding to copy filtered resources.
2016-05-08 00:43:32,116 [Worker-2] INFO  o.e.m.c.i.embedder.EclipseLogger - skip non existing resourceDirectory E:\workspace\github\sourceanalysis\jeecg\jeecg\src\test\java
2016-05-08 00:43:32,116 [Worker-2] INFO  o.e.m.c.i.embedder.EclipseLogger - skip non existing resourceDirectory E:\workspace\github\sourceanalysis\jeecg\jeecg\src\test\resources
2016-05-08 00:43:37,376 [main] INFO  o.e.m2e.actions.ExecutePomAction - Using existing launch configuration
2016-05-08 00:43:37,391 [Worker-1] INFO  o.e.m.i.launch.MavenLaunchDelegate - E:\workspace\github\sourceanalysis\jeecg\jeecg
2016-05-08 00:43:37,391 [Worker-1] INFO  o.e.m.i.launch.MavenLaunchDelegate -  mvn -B -s "D:\Program Files\Apache\apache-maven-3.2.2\conf\settings.xml" tomcat:run
2016-05-08 00:51:49,643 [main] INFO  o.e.m2e.actions.ExecutePomAction - Using existing launch configuration
2016-05-08 00:51:50,813 [Worker-13] INFO  o.e.m.i.launch.MavenLaunchDelegate - E:\workspace\github\sourceanalysis\jeecg\jeecg
2016-05-08 00:51:50,813 [Worker-13] INFO  o.e.m.i.launch.MavenLaunchDelegate -  mvn -B -s "D:\Program Files\Apache\apache-maven-3.2.2\conf\settings.xml" tomcat:run
2016-05-08 01:24:37,463 [main] INFO  o.e.m2e.actions.ExecutePomAction - Using existing launch configuration
2016-05-08 01:24:37,469 [Worker-20] INFO  o.e.m.i.launch.MavenLaunchDelegate - E:\workspace\github\sourceanalysis\jeecg\jeecg
2016-05-08 01:24:37,469 [Worker-20] INFO  o.e.m.i.launch.MavenLaunchDelegate -  mvn -B -s "D:\Program Files\Apache\apache-maven-3.2.2\conf\settings.xml" tomcat:run
2016-05-08 01:38:37,263 [main] INFO  o.e.m2e.actions.ExecutePomAction - Using existing launch configuration
2016-05-08 01:38:37,263 [Worker-20] INFO  o.e.m.i.launch.MavenLaunchDelegate - E:\workspace\github\sourceanalysis\jeecg\jeecg
2016-05-08 01:38:37,263 [Worker-20] INFO  o.e.m.i.launch.MavenLaunchDelegate -  mvn -B -s "D:\Program Files\Apache\apache-maven-3.2.2\conf\settings.xml" tomcat:run
2016-05-08 10:24:49,683 [main] INFO  o.e.m2e.actions.ExecutePomAction - Using existing launch configuration
2016-05-08 10:24:49,696 [Worker-1] INFO  o.e.m.i.launch.MavenLaunchDelegate - E:\workspace\github\sourceanalysis\jeecg\jeecg
2016-05-08 10:24:49,697 [Worker-1] INFO  o.e.m.i.launch.MavenLaunchDelegate -  mvn -B -s "D:\Program Files\Apache\apache-maven-3.2.2\conf\settings.xml" tomcat:run
2016-05-08 10:44:25,604 [main] INFO  o.e.m2e.actions.ExecutePomAction - Using existing launch configuration
2016-05-08 10:44:25,635 [Worker-30] INFO  o.e.m.i.launch.MavenLaunchDelegate - E:\workspace\github\sourceanalysis\jeecg\jeecg
2016-05-08 10:44:25,635 [Worker-30] INFO  o.e.m.i.launch.MavenLaunchDelegate -  mvn -B -s "D:\Program Files\Apache\apache-maven-3.2.2\conf\settings.xml" tomcat:run
2016-05-08 11:00:11,507 [main] INFO  o.e.m2e.actions.ExecutePomAction - Using existing launch configuration
2016-05-08 11:00:11,514 [Worker-30] INFO  o.e.m.i.launch.MavenLaunchDelegate - E:\workspace\github\sourceanalysis\jeecg\jeecg
2016-05-08 11:00:11,515 [Worker-30] INFO  o.e.m.i.launch.MavenLaunchDelegate -  mvn -B -s "D:\Program Files\Apache\apache-maven-3.2.2\conf\settings.xml" tomcat:run
2016-05-08 22:36:09,957 [main] INFO  o.e.m2e.actions.ExecutePomAction - Using existing launch configuration
2016-05-08 22:36:09,972 [Worker-50] INFO  o.e.m.i.launch.MavenLaunchDelegate - E:\workspace\github\sourceanalysis\jeecg\jeecg
2016-05-08 22:36:09,973 [Worker-50] INFO  o.e.m.i.launch.MavenLaunchDelegate -  mvn -B -s "D:\Program Files\Apache\apache-maven-3.2.2\conf\settings.xml" tomcat:run
2016-05-09 00:11:17,543 [Worker-4] INFO  o.e.m.c.i.l.LifecycleMappingFactory - Using org.eclipse.m2e.jdt.JarLifecycleMapping lifecycle mapping for MavenProject: org.jeecgframework:jeecg:3.6.3 @ E:\workspace\github\sourceanalysis\jeecg\jeecg\pom.xml.
2016-05-09 00:11:19,050 [Worker-4] WARN  o.e.m.c.i.embedder.EclipseLogger - The POM for org.jeecgframework:codegenerate:jar:3.6-20160410.073200-6 is invalid, transitive dependencies (if any) will not be available, enable debug logging for more details
2016-05-09 00:11:21,216 [Worker-4] WARN  o.e.m.c.i.embedder.EclipseLogger - The POM for com.sun.xml.bind:jaxb-impl:jar:2.2.10-b140310.1920 is invalid, transitive dependencies (if any) will not be available, enable debug logging for more details
2016-05-09 00:11:21,230 [Worker-4] WARN  o.e.m.c.i.embedder.EclipseLogger - The POM for com.sun.xml.bind:jaxb-core:jar:2.2.10-b140310.1920 is invalid, transitive dependencies (if any) will not be available, enable debug logging for more details
2016-05-09 00:11:22,062 [Worker-4] WARN  o.e.m.c.i.embedder.EclipseLogger - The POM for org.junit:com.springsource.org.junit:jar:4.9.0 is missing, no dependency information available
2016-05-09 00:11:46,004 [Worker-6] INFO  o.e.m.c.i.l.LifecycleMappingFactory - Using org.eclipse.m2e.jdt.JarLifecycleMapping lifecycle mapping for MavenProject: org.jeecgframework:jeecg:3.6.3 @ E:\workspace\github\sourceanalysis\jeecg\jeecg\pom.xml.
2016-05-09 00:11:46,023 [Worker-6] WARN  o.e.m.c.i.embedder.EclipseLogger - The POM for org.jeecgframework:codegenerate:jar:3.6-20160410.073200-6 is invalid, transitive dependencies (if any) will not be available, enable debug logging for more details
2016-05-09 00:11:46,903 [Worker-6] WARN  o.e.m.c.i.embedder.EclipseLogger - The POM for com.sun.xml.bind:jaxb-impl:jar:2.2.10-b140310.1920 is invalid, transitive dependencies (if any) will not be available, enable debug logging for more details
2016-05-09 00:11:46,912 [Worker-6] WARN  o.e.m.c.i.embedder.EclipseLogger - The POM for com.sun.xml.bind:jaxb-core:jar:2.2.10-b140310.1920 is invalid, transitive dependencies (if any) will not be available, enable debug logging for more details
2016-05-09 00:11:47,203 [Worker-6] WARN  o.e.m.c.i.embedder.EclipseLogger - The POM for org.junit:com.springsource.org.junit:jar:4.9.0 is missing, no dependency information available
2016-05-09 00:11:53,253 [New I/O client worker #1-1] INFO  o.e.m.c.i.e.AbstractTransferListenerAdapter - Downloading http://repo1.maven.org/maven2/commons-logging/commons-logging/1.2/commons-logging-1.2.jar
2016-05-09 00:11:55,214 [New I/O client worker #1-1] INFO  o.e.m.c.i.e.AbstractTransferListenerAdapter - Downloaded http://repo1.maven.org/maven2/commons-logging/commons-logging/1.2/commons-logging-1.2.jar
2016-05-09 00:11:57,523 [Worker-6] INFO  o.e.m.c.i.embedder.EclipseLogger - Using 'UTF-8' encoding to copy filtered resources.
2016-05-09 00:11:57,554 [Worker-6] INFO  o.e.m.c.i.embedder.EclipseLogger - Copying 37 resources
2016-05-09 00:11:57,617 [Worker-6] INFO  o.e.m.c.i.embedder.EclipseLogger - Copying 221 resources
2016-05-09 00:12:01,174 [Worker-6] INFO  o.e.m.c.i.embedder.EclipseLogger - Using 'UTF-8' encoding to copy filtered resources.
2016-05-09 00:12:01,174 [Worker-6] INFO  o.e.m.c.i.embedder.EclipseLogger - skip non existing resourceDirectory E:\workspace\github\sourceanalysis\jeecg\jeecg\src\test\java
2016-05-09 00:12:01,174 [Worker-6] INFO  o.e.m.c.i.embedder.EclipseLogger - skip non existing resourceDirectory E:\workspace\github\sourceanalysis\jeecg\jeecg\src\test\resources
2016-05-09 23:31:17,617 [Worker-0] WARN  o.e.m.c.i.embedder.EclipseLogger - The POM for org.jeecgframework:codegenerate:jar:3.6-20160410.073200-6 is invalid, transitive dependencies (if any) will not be available, enable debug logging for more details
2016-05-09 23:31:24,345 [Worker-0] WARN  o.e.m.c.i.embedder.EclipseLogger - The POM for com.sun.xml.bind:jaxb-impl:jar:2.2.10-b140310.1920 is invalid, transitive dependencies (if any) will not be available, enable debug logging for more details
2016-05-09 23:31:24,360 [Worker-0] WARN  o.e.m.c.i.embedder.EclipseLogger - The POM for com.sun.xml.bind:jaxb-core:jar:2.2.10-b140310.1920 is invalid, transitive dependencies (if any) will not be available, enable debug logging for more details
2016-05-09 23:31:25,892 [Worker-0] WARN  o.e.m.c.i.embedder.EclipseLogger - The POM for org.junit:com.springsource.org.junit:jar:4.9.0 is missing, no dependency information available
2016-05-09 23:31:29,189 [Worker-0] INFO  o.e.m.c.i.embedder.EclipseLogger - Using 'UTF-8' encoding to copy filtered resources.
2016-05-09 23:31:29,226 [Worker-0] INFO  o.e.m.c.i.embedder.EclipseLogger - Copying 37 resources
2016-05-09 23:31:29,301 [Worker-0] INFO  o.e.m.c.i.embedder.EclipseLogger - Copying 221 resources
2016-05-09 23:31:37,705 [Worker-0] INFO  o.e.m.c.i.embedder.EclipseLogger - Using 'UTF-8' encoding to copy filtered resources.
2016-05-09 23:31:37,706 [Worker-0] INFO  o.e.m.c.i.embedder.EclipseLogger - skip non existing resourceDirectory E:\workspace\github\sourceanalysis\jeecg\jeecg\src\test\java
2016-05-09 23:31:37,706 [Worker-0] INFO  o.e.m.c.i.embedder.EclipseLogger - skip non existing resourceDirectory E:\workspace\github\sourceanalysis\jeecg\jeecg\src\test\resources
2016-05-23 00:20:31,863 [Worker-34] ERROR o.e.m.j.i.l.MavenLaunchConfigurationListener - Launch configuration jeecg (1) references closed project jeecg
org.eclipse.core.runtime.CoreException: Launch configuration jeecg (1) references closed project jeecg
	at org.eclipse.jdt.launching.JavaRuntime.abort(JavaRuntime.java:1376) ~[org.eclipse.jdt.launching_3.6.1.v20111006_r372.jar:na]
	at org.eclipse.jdt.launching.JavaRuntime.getJavaProject(JavaRuntime.java:1249) ~[org.eclipse.jdt.launching_3.6.1.v20111006_r372.jar:na]
	at org.eclipse.m2e.jdt.internal.launch.MavenLaunchConfigurationListener.updateLaunchConfiguration(MavenLaunchConfigurationListener.java:52) [org.eclipse.m2e.jdt_1.0.200.20111228-1245.jar:na]
	at org.eclipse.m2e.jdt.internal.launch.MavenLaunchConfigurationListener.launchConfigurationChanged(MavenLaunchConfigurationListener.java:37) [org.eclipse.m2e.jdt_1.0.200.20111228-1245.jar:na]
	at org.eclipse.debug.internal.core.LaunchManager$ConfigurationNotifier.run(LaunchManager.java:228) [org.eclipse.debug.core_3.7.1.v20111129-2031.jar:na]
	at org.eclipse.core.runtime.SafeRunner.run(SafeRunner.java:42) [org.eclipse.equinox.common_3.6.0.v20110523.jar:na]
	at org.eclipse.debug.internal.core.LaunchManager$ConfigurationNotifier.notify(LaunchManager.java:209) [org.eclipse.debug.core_3.7.1.v20111129-2031.jar:na]
	at org.eclipse.debug.internal.core.LaunchConfigurationWorkingCopy.setDirty(LaunchConfigurationWorkingCopy.java:536) [org.eclipse.debug.core_3.7.1.v20111129-2031.jar:na]
	at org.eclipse.debug.internal.core.LaunchConfigurationWorkingCopy.setAttribute(LaunchConfigurationWorkingCopy.java:417) [org.eclipse.debug.core_3.7.1.v20111129-2031.jar:na]
	at org.eclipse.m2e.jdt.internal.launch.MavenRuntimeClasspathProvider.disable(MavenRuntimeClasspathProvider.java:316) [org.eclipse.m2e.jdt_1.0.200.20111228-1245.jar:na]
	at org.eclipse.m2e.jdt.internal.launch.MavenRuntimeClasspathProvider.disable(MavenRuntimeClasspathProvider.java:342) [org.eclipse.m2e.jdt_1.0.200.20111228-1245.jar:na]
	at org.eclipse.m2e.jdt.internal.launch.MavenLaunchConfigurationListener.mavenProjectChanged(MavenLaunchConfigurationListener.java:69) [org.eclipse.m2e.jdt_1.0.200.20111228-1245.jar:na]
	at org.eclipse.m2e.core.internal.project.registry.ProjectRegistryManager.notifyProjectChangeListeners(ProjectRegistryManager.java:724) [org.eclipse.m2e.core_1.0.200.20111228-1245.jar:na]
	at org.eclipse.m2e.core.internal.project.registry.ProjectRegistryManager.applyMutableProjectRegistry(ProjectRegistryManager.java:847) [org.eclipse.m2e.core_1.0.200.20111228-1245.jar:na]
	at org.eclipse.m2e.core.internal.project.registry.ProjectRegistryRefreshJob.run(ProjectRegistryRefreshJob.java:93) [org.eclipse.m2e.core_1.0.200.20111228-1245.jar:na]
	at org.eclipse.core.internal.jobs.Worker.run(Worker.java:54) [org.eclipse.core.jobs_3.5.101.v20120113-1953.jar:na]
2016-05-23 00:20:31,925 [Worker-34] ERROR o.e.m.j.i.l.MavenLaunchConfigurationListener - Launch configuration jeecg (1) references closed project jeecg
org.eclipse.core.runtime.CoreException: Launch configuration jeecg (1) references closed project jeecg
	at org.eclipse.jdt.launching.JavaRuntime.abort(JavaRuntime.java:1376) ~[org.eclipse.jdt.launching_3.6.1.v20111006_r372.jar:na]
	at org.eclipse.jdt.launching.JavaRuntime.getJavaProject(JavaRuntime.java:1249) ~[org.eclipse.jdt.launching_3.6.1.v20111006_r372.jar:na]
	at org.eclipse.m2e.jdt.internal.launch.MavenLaunchConfigurationListener.updateLaunchConfiguration(MavenLaunchConfigurationListener.java:52) [org.eclipse.m2e.jdt_1.0.200.20111228-1245.jar:na]
	at org.eclipse.m2e.jdt.internal.launch.MavenLaunchConfigurationListener.launchConfigurationChanged(MavenLaunchConfigurationListener.java:37) [org.eclipse.m2e.jdt_1.0.200.20111228-1245.jar:na]
	at org.eclipse.debug.internal.core.LaunchManager$ConfigurationNotifier.run(LaunchManager.java:228) [org.eclipse.debug.core_3.7.1.v20111129-2031.jar:na]
	at org.eclipse.core.runtime.SafeRunner.run(SafeRunner.java:42) [org.eclipse.equinox.common_3.6.0.v20110523.jar:na]
	at org.eclipse.debug.internal.core.LaunchManager$ConfigurationNotifier.notify(LaunchManager.java:209) [org.eclipse.debug.core_3.7.1.v20111129-2031.jar:na]
	at org.eclipse.debug.internal.core.LaunchConfigurationWorkingCopy.setDirty(LaunchConfigurationWorkingCopy.java:536) [org.eclipse.debug.core_3.7.1.v20111129-2031.jar:na]
	at org.eclipse.debug.internal.core.LaunchConfigurationWorkingCopy.setAttribute(LaunchConfigurationWorkingCopy.java:417) [org.eclipse.debug.core_3.7.1.v20111129-2031.jar:na]
	at org.eclipse.m2e.jdt.internal.launch.MavenRuntimeClasspathProvider.disable(MavenRuntimeClasspathProvider.java:317) [org.eclipse.m2e.jdt_1.0.200.20111228-1245.jar:na]
	at org.eclipse.m2e.jdt.internal.launch.MavenRuntimeClasspathProvider.disable(MavenRuntimeClasspathProvider.java:342) [org.eclipse.m2e.jdt_1.0.200.20111228-1245.jar:na]
	at org.eclipse.m2e.jdt.internal.launch.MavenLaunchConfigurationListener.mavenProjectChanged(MavenLaunchConfigurationListener.java:69) [org.eclipse.m2e.jdt_1.0.200.20111228-1245.jar:na]
	at org.eclipse.m2e.core.internal.project.registry.ProjectRegistryManager.notifyProjectChangeListeners(ProjectRegistryManager.java:724) [org.eclipse.m2e.core_1.0.200.20111228-1245.jar:na]
	at org.eclipse.m2e.core.internal.project.registry.ProjectRegistryManager.applyMutableProjectRegistry(ProjectRegistryManager.java:847) [org.eclipse.m2e.core_1.0.200.20111228-1245.jar:na]
	at org.eclipse.m2e.core.internal.project.registry.ProjectRegistryRefreshJob.run(ProjectRegistryRefreshJob.java:93) [org.eclipse.m2e.core_1.0.200.20111228-1245.jar:na]
	at org.eclipse.core.internal.jobs.Worker.run(Worker.java:54) [org.eclipse.core.jobs_3.5.101.v20120113-1953.jar:na]
2016-05-23 00:20:31,934 [Worker-34] ERROR o.e.m.j.i.l.MavenLaunchConfigurationListener - Launch configuration jeecg (1) references closed project jeecg
org.eclipse.core.runtime.CoreException: Launch configuration jeecg (1) references closed project jeecg
	at org.eclipse.jdt.launching.JavaRuntime.abort(JavaRuntime.java:1376) ~[org.eclipse.jdt.launching_3.6.1.v20111006_r372.jar:na]
	at org.eclipse.jdt.launching.JavaRuntime.getJavaProject(JavaRuntime.java:1249) ~[org.eclipse.jdt.launching_3.6.1.v20111006_r372.jar:na]
	at org.eclipse.m2e.jdt.internal.launch.MavenLaunchConfigurationListener.updateLaunchConfiguration(MavenLaunchConfigurationListener.java:52) [org.eclipse.m2e.jdt_1.0.200.20111228-1245.jar:na]
	at org.eclipse.m2e.jdt.internal.launch.MavenLaunchConfigurationListener.launchConfigurationChanged(MavenLaunchConfigurationListener.java:37) [org.eclipse.m2e.jdt_1.0.200.20111228-1245.jar:na]
	at org.eclipse.debug.internal.core.LaunchManager$ConfigurationNotifier.run(LaunchManager.java:228) [org.eclipse.debug.core_3.7.1.v20111129-2031.jar:na]
	at org.eclipse.core.runtime.SafeRunner.run(SafeRunner.java:42) [org.eclipse.equinox.common_3.6.0.v20110523.jar:na]
	at org.eclipse.debug.internal.core.LaunchManager$ConfigurationNotifier.notify(LaunchManager.java:209) [org.eclipse.debug.core_3.7.1.v20111129-2031.jar:na]
	at org.eclipse.debug.internal.core.LaunchManager.launchConfigurationChanged(LaunchManager.java:2115) [org.eclipse.debug.core_3.7.1.v20111129-2031.jar:na]
	at org.eclipse.debug.internal.core.LaunchConfigurationWorkingCopy.writeNewFile(LaunchConfigurationWorkingCopy.java:378) [org.eclipse.debug.core_3.7.1.v20111129-2031.jar:na]
	at org.eclipse.debug.internal.core.LaunchConfigurationWorkingCopy.doSave0(LaunchConfigurationWorkingCopy.java:245) [org.eclipse.debug.core_3.7.1.v20111129-2031.jar:na]
	at org.eclipse.debug.internal.core.LaunchConfigurationWorkingCopy.doSave(LaunchConfigurationWorkingCopy.java:216) [org.eclipse.debug.core_3.7.1.v20111129-2031.jar:na]
	at org.eclipse.debug.internal.core.LaunchConfigurationWorkingCopy.doSave(LaunchConfigurationWorkingCopy.java:170) [org.eclipse.debug.core_3.7.1.v20111129-2031.jar:na]
	at org.eclipse.m2e.jdt.internal.launch.MavenRuntimeClasspathProvider.disable(MavenRuntimeClasspathProvider.java:318) [org.eclipse.m2e.jdt_1.0.200.20111228-1245.jar:na]
	at org.eclipse.m2e.jdt.internal.launch.MavenRuntimeClasspathProvider.disable(MavenRuntimeClasspathProvider.java:342) [org.eclipse.m2e.jdt_1.0.200.20111228-1245.jar:na]
	at org.eclipse.m2e.jdt.internal.launch.MavenLaunchConfigurationListener.mavenProjectChanged(MavenLaunchConfigurationListener.java:69) [org.eclipse.m2e.jdt_1.0.200.20111228-1245.jar:na]
	at org.eclipse.m2e.core.internal.project.registry.ProjectRegistryManager.notifyProjectChangeListeners(ProjectRegistryManager.java:724) [org.eclipse.m2e.core_1.0.200.20111228-1245.jar:na]
	at org.eclipse.m2e.core.internal.project.registry.ProjectRegistryManager.applyMutableProjectRegistry(ProjectRegistryManager.java:847) [org.eclipse.m2e.core_1.0.200.20111228-1245.jar:na]
	at org.eclipse.m2e.core.internal.project.registry.ProjectRegistryRefreshJob.run(ProjectRegistryRefreshJob.java:93) [org.eclipse.m2e.core_1.0.200.20111228-1245.jar:na]
	at org.eclipse.core.internal.jobs.Worker.run(Worker.java:54) [org.eclipse.core.jobs_3.5.101.v20120113-1953.jar:na]
