21:22:04 **** Rebuild of configuration Debug for project lua5.2.1 ****
Info: Internal Builder is used for build
gcc -O0 -g3 -Wall -c -fmessage-length=0 -o "src\\lbitlib.o" "..\\src\\lbitlib.c" 
gcc -O0 -g3 -Wall -c -fmessage-length=0 -o "src\\lmem.o" "..\\src\\lmem.c" 
gcc -O0 -g3 -Wall -c -fmessage-length=0 -o "src\\lctype.o" "..\\src\\lctype.c" 
gcc -O0 -g3 -Wall -c -fmessage-length=0 -o "src\\lstring.o" "..\\src\\lstring.c" 
gcc -O0 -g3 -Wall -c -fmessage-length=0 -o "src\\ldebug.o" "..\\src\\ldebug.c" 
gcc -O0 -g3 -Wall -c -fmessage-length=0 -o "src\\ltable.o" "..\\src\\ltable.c" 
gcc -O0 -g3 -Wall -c -fmessage-length=0 -o "src\\llex.o" "..\\src\\llex.c" 
gcc -O0 -g3 -Wall -c -fmessage-length=0 -o "src\\lgc.o" "..\\src\\lgc.c" 
gcc -O0 -g3 -Wall -c -fmessage-length=0 -o "src\\lundump.o" "..\\src\\lundump.c" 
gcc -O0 -g3 -Wall -c -fmessage-length=0 -o "src\\lfunc.o" "..\\src\\lfunc.c" 
gcc -O0 -g3 -Wall -c -fmessage-length=0 -o "src\\ldblib.o" "..\\src\\ldblib.c" 
gcc -O0 -g3 -Wall -c -fmessage-length=0 -o "src\\ltm.o" "..\\src\\ltm.c" 
gcc -O0 -g3 -Wall -c -fmessage-length=0 -o "src\\lzio.o" "..\\src\\lzio.c" 
gcc -O0 -g3 -Wall -c -fmessage-length=0 -o "src\\lstrlib.o" "..\\src\\lstrlib.c" 
gcc -O0 -g3 -Wall -c -fmessage-length=0 -o "src\\lcode.o" "..\\src\\lcode.c" 
gcc -O0 -g3 -Wall -c -fmessage-length=0 -o "src\\lauxlib.o" "..\\src\\lauxlib.c" 
gcc -O0 -g3 -Wall -c -fmessage-length=0 -o "src\\ltablib.o" "..\\src\\ltablib.c" 
gcc -O0 -g3 -Wall -c -fmessage-length=0 -o "src\\lparser.o" "..\\src\\lparser.c" 
gcc -O0 -g3 -Wall -c -fmessage-length=0 -o "src\\lmathlib.o" "..\\src\\lmathlib.c" 
gcc -O0 -g3 -Wall -c -fmessage-length=0 -o "src\\luac.o" "..\\src\\luac.c" 
gcc -O0 -g3 -Wall -c -fmessage-length=0 -o "src\\loslib.o" "..\\src\\loslib.c" 
gcc -O0 -g3 -Wall -c -fmessage-length=0 -o "src\\lopcodes.o" "..\\src\\lopcodes.c" 
gcc -O0 -g3 -Wall -c -fmessage-length=0 -o "src\\lvm.o" "..\\src\\lvm.c" 
gcc -O0 -g3 -Wall -c -fmessage-length=0 -o "src\\loadlib.o" "..\\src\\loadlib.c" 
gcc -O0 -g3 -Wall -c -fmessage-length=0 -o "src\\lcorolib.o" "..\\src\\lcorolib.c" 
gcc -O0 -g3 -Wall -c -fmessage-length=0 -o "src\\lbaselib.o" "..\\src\\lbaselib.c" 
gcc -O0 -g3 -Wall -c -fmessage-length=0 -o "src\\ldump.o" "..\\src\\ldump.c" 
gcc -O0 -g3 -Wall -c -fmessage-length=0 -o "src\\linit.o" "..\\src\\linit.c" 
gcc -O0 -g3 -Wall -c -fmessage-length=0 -o "src\\lstate.o" "..\\src\\lstate.c" 
gcc -O0 -g3 -Wall -c -fmessage-length=0 -o "src\\ldo.o" "..\\src\\ldo.c" 
gcc -O0 -g3 -Wall -c -fmessage-length=0 -o "src\\lua.o" "..\\src\\lua.c" 
gcc -O0 -g3 -Wall -c -fmessage-length=0 -o "src\\lobject.o" "..\\src\\lobject.c" 
gcc -O0 -g3 -Wall -c -fmessage-length=0 -o "src\\lapi.o" "..\\src\\lapi.c" 
gcc -O0 -g3 -Wall -c -fmessage-length=0 -o "src\\liolib.o" "..\\src\\liolib.c" 
gcc -o lua5.2.1.exe "src\\lzio.o" "src\\lvm.o" "src\\lundump.o" "src\\luac.o" "src\\lua.o" "src\\ltm.o" "src\\ltablib.o" "src\\ltable.o" "src\\lstrlib.o" "src\\lstring.o" "src\\lstate.o" "src\\lparser.o" "src\\loslib.o" "src\\lopcodes.o" "src\\lobject.o" "src\\loadlib.o" "src\\lmem.o" "src\\lmathlib.o" "src\\llex.o" "src\\liolib.o" "src\\linit.o" "src\\lgc.o" "src\\lfunc.o" "src\\ldump.o" "src\\ldo.o" "src\\ldebug.o" "src\\ldblib.o" "src\\lctype.o" "src\\lcorolib.o" "src\\lcode.o" "src\\lbitlib.o" "src\\lbaselib.o" "src\\lauxlib.o" "src\\lapi.o" 
src\lua.o: In function `main':
E:\workspace\github\sourceanalysis\C\lua5.2.1\Debug/../src/lua.c:479: multiple definition of `main'
src\luac.o:E:\workspace\github\sourceanalysis\C\lua5.2.1\Debug/../src/luac.c:190: first defined here
collect2.exe: error: ld returned 1 exit status
